0 info it worked if it ends with ok
1 verbose cli [ '/usr/local/bin/node', '/usr/local/bin/npm', 'start' ]
2 info using npm@2.14.7
3 info using node@v4.2.0
4 verbose run-script [ 'prestart', 'start', 'poststart' ]
5 info prestart rdm-website-dev@2.1.3
6 info start rdm-website-dev@2.1.3
7 verbose unsafe-perm in lifecycle true
8 info rdm-website-dev@2.1.3 Failed to exec start script
9 verbose stack Error: rdm-website-dev@2.1.3 start: `gulp watch`
9 verbose stack Exit status 1
9 verbose stack     at EventEmitter.<anonymous> (/usr/local/lib/node_modules/npm/lib/utils/lifecycle.js:214:16)
9 verbose stack     at emitTwo (events.js:87:13)
9 verbose stack     at EventEmitter.emit (events.js:172:7)
9 verbose stack     at ChildProcess.<anonymous> (/usr/local/lib/node_modules/npm/lib/utils/spawn.js:24:14)
9 verbose stack     at emitTwo (events.js:87:13)
9 verbose stack     at ChildProcess.emit (events.js:172:7)
9 verbose stack     at maybeClose (internal/child_process.js:818:16)
9 verbose stack     at Process.ChildProcess._handle.onexit (internal/child_process.js:211:5)
10 verbose pkgid rdm-website-dev@2.1.3
11 verbose cwd /home/michaelashmead/Documents/roadmap-site/app/sass/_sass/_mts/_molecules
12 error Linux 4.4.0-24-generic
13 error argv "/usr/local/bin/node" "/usr/local/bin/npm" "start"
14 error node v4.2.0
15 error npm  v2.14.7
16 error code ELIFECYCLE
17 error rdm-website-dev@2.1.3 start: `gulp watch`
17 error Exit status 1
18 error Failed at the rdm-website-dev@2.1.3 start script 'gulp watch'.
18 error This is most likely a problem with the rdm-website-dev package,
18 error not with npm itself.
18 error Tell the author that this fails on your system:
18 error     gulp watch
18 error You can get their info via:
18 error     npm owner ls rdm-website-dev
18 error There is likely additional logging output above.
19 verbose exit [ 1, true ]
